c:\users\николай\source\repos\ntio\ntio\debug\ntio.pch
c:\users\николай\source\repos\ntio\ntio\debug\vc141.pdb
c:\users\николай\source\repos\ntio\ntio\debug\vc141.idb
c:\users\николай\source\repos\ntio\ntio\debug\stdafx.obj
c:\users\николай\source\repos\ntio\ntio\debug\scanner.obj
c:\users\николай\source\repos\ntio\ntio\debug\ntio.obj
c:\users\николай\source\repos\ntio\ntio\debug\log.obj
c:\users\николай\source\repos\ntio\ntio\debug\filescanner.obj
c:\users\николай\source\repos\ntio\ntio\debug\filelog.obj
c:\users\николай\source\repos\ntio\ntio\debug\dllmain.obj
c:\users\николай\source\repos\ntio\ntio\debug\consolescanner.obj
c:\users\николай\source\repos\ntio\ntio\debug\consolelog.obj
c:\users\николай\source\repos\paaoptimisation\debug\ntio.ilk
c:\users\николай\source\repos\paaoptimisation\debug\ntio.dll
c:\users\николай\source\repos\paaoptimisation\debug\ntio.pdb
c:\users\николай\source\repos\paaoptimisation\debug\ntio.lib
c:\users\николай\source\repos\paaoptimisation\debug\ntio.exp
c:\users\николай\source\repos\ntio\ntio\debug\ntio.tlog\cl.command.1.tlog
c:\users\николай\source\repos\ntio\ntio\debug\ntio.tlog\cl.read.1.tlog
c:\users\николай\source\repos\ntio\ntio\debug\ntio.tlog\cl.write.1.tlog
c:\users\николай\source\repos\ntio\ntio\debug\ntio.tlog\link.command.1.tlog
c:\users\николай\source\repos\ntio\ntio\debug\ntio.tlog\link.read.1.tlog
c:\users\николай\source\repos\ntio\ntio\debug\ntio.tlog\link.write.1.tlog
c:\users\николай\source\repos\ntio\ntio\debug\ntio.tlog\ntio.write.1u.tlog
